{
  "RSpec": {
    "coverage": {
      "/Users/bwood/code/rails/5.1/ccc-class-planner/app/models/user.rb": [
        null,
        1,
        null,
        1,
        1,
        null,
        null,
        1,
        null,
        null,
        null,
        null,
        null,
        null,
        null,
        1,
        null,
        1,
        null,
        null,
        1,
        null,
        1,
        null,
        null,
        null,
        null,
        null,
        null,
        1,
        19,
        null,
        null,
        null,
        null,
        null,
        null,
        null,
        null,
        null,
        null,
        1,
        328,
        null,
        null,
        1,
        null,
        1,
        null,
        null,
        158,
        null,
        null,
        null,
        1,
        117,
        null,
        117,
        null,
        null,
        117,
        3,
        null,
        null,
        null
      ],
      "/Users/bwood/code/rails/5.1/ccc-class-planner/app/models/application_record.rb": [
        null,
        1,
        null,
        null,
        1,
        null,
        null,
        null,
        null,
        null,
        null,
        null,
        null,
        null,
        null,
        null,
        null,
        null,
        null,
        null,
        null,
        null,
        null,
        null,
        1,
        null,
        0,
        0,
        0,
        0,
        0,
        0,
        null,
        0,
        null,
        null,
        null,
        null,
        null,
        null,
        null,
        null,
        null,
        null,
        null,
        null,
        null,
        null,
        null,
        null,
        null,
        null,
        null,
        null,
        1,
        0,
        null,
        null,
        null,
        null,
        0,
        0,
        null,
        null
      ],
      "/Users/bwood/code/rails/5.1/ccc-class-planner/app/helpers/application_helper.rb": [
        null,
        1,
        null,
        null,
        null,
        1,
        null,
        null,
        null,
        91,
        null,
        null,
        null,
        1,
        40,
        null,
        2,
        null,
        4,
        null,
        16,
        null,
        18,
        null,
        null,
        null,
        null,
        1,
        25,
        null,
        7,
        null,
        21,
        null,
        7,
        null,
        null,
        null,
        null,
        null,
        null,
        null,
        null,
        null,
        null,
        null,
        7,
        null,
        null
      ],
      "/Users/bwood/code/rails/5.1/ccc-class-planner/app/helpers/users_helper.rb": [
        null,
        1,
        1,
        21,
        null,
        null
      ],
      "/Users/bwood/code/rails/5.1/ccc-class-planner/app/controllers/application_controller.rb": [
        null,
        1,
        null,
        1,
        null,
        1,
        null,
        null,
        null,
        null,
        1,
        null,
        null,
        1,
        null,
        null,
        null,
        null,
        null,
        null,
        1,
        null,
        null,
        1,
        null,
        1,
        null,
        null,
        1,
        null,
        1,
        null,
        null,
        1,
        182,
        98,
        null,
        null,
        null,
        null,
        1,
        8,
        null,
        null,
        null,
        null,
        null,
        1,
        2,
        null,
        null,
        null
      ],
      "/Users/bwood/code/rails/5.1/ccc-class-planner/app/models/contact_form.rb": [
        null,
        1,
        1,
        1,
        1,
        null,
        1,
        null,
        null,
        1,
        null,
        null,
        null,
        1,
        null,
        null,
        null,
        null,
        1,
        null,
        null
      ],
      "/Users/bwood/code/rails/5.1/ccc-class-planner/app/policies/application_policy.rb": [
        null,
        1,
        1,
        null,
        1,
        43,
        43,
        null,
        null,
        1,
        1,
        null,
        null,
        1,
        2,
        null,
        null,
        1,
        8,
        null,
        null,
        1,
        2,
        null,
        null,
        1,
        8,
        null,
        null,
        1,
        1,
        null,
        null,
        1,
        0,
        null,
        null,
        null,
        1,
        1,
        null,
        1,
        21,
        21,
        null,
        null,
        1,
        0,
        null,
        null,
        null
      ],
      "/Users/bwood/code/rails/5.1/ccc-class-planner/app/policies/user_policy.rb": [
        null,
        null,
        1,
        null,
        1,
        1,
        null,
        21,
        null,
        null,
        null,
        null,
        1,
        4,
        37,
        null,
        null,
        null
      ],
      "/Users/bwood/code/rails/5.1/ccc-class-planner/app/controllers/contact_forms_controller.rb": [
        null,
        1,
        null,
        1,
        1,
        null,
        1,
        2,
        null,
        null,
        1,
        2,
        2,
        2,
        1,
        1,
        null,
        1,
        null,
        null,
        null
      ],
      "/Users/bwood/code/rails/5.1/ccc-class-planner/app/controllers/concerns/skip_authorization.rb": [
        null,
        null,
        null,
        1,
        1,
        null,
        1,
        2,
        2,
        null,
        null
      ],
      "/Users/bwood/code/rails/5.1/ccc-class-planner/app/controllers/admin/users_controller.rb": [
        1,
        null,
        null,
        null,
        1,
        1,
        null,
        1,
        null,
        null,
        1,
        0,
        null,
        null,
        null,
        1,
        null,
        null,
        19,
        null,
        19,
        null,
        19,
        null,
        null,
        null,
        1,
        8,
        null,
        null,
        null,
        1,
        6,
        6,
        null,
        null,
        null,
        1,
        6,
        null,
        null,
        null,
        1,
        3,
        3,
        null,
        2,
        1,
        null,
        1,
        null,
        null,
        null,
        null,
        1,
        3,
        null,
        null,
        null,
        null,
        2,
        2,
        2,
        null,
        null,
        2,
        null,
        null,
        1,
        1,
        null,
        1,
        null,
        null,
        null,
        null,
        1,
        2,
        null,
        1,
        1,
        null,
        null,
        1,
        null,
        null,
        1,
        19,
        null,
        null,
        null,
        1,
        5,
        null,
        null,
        null,
        null
      ],
      "/Users/bwood/code/rails/5.1/ccc-class-planner/app/controllers/home_controller.rb": [
        null,
        1,
        1,
        null,
        1,
        null
      ],
      "/Users/bwood/code/rails/5.1/ccc-class-planner/app/controllers/users/registrations_controller.rb": [
        1,
        1,
        1,
        null,
        1,
        null,
        null,
        1,
        1,
        null,
        null,
        null,
        1,
        1,
        null,
        null,
        null,
        1,
        0,
        null,
        null,
        null,
        null,
        null,
        1,
        1,
        null,
        null,
        1,
        null,
        1,
        null,
        null,
        2,
        null,
        null
      ],
      "/Users/bwood/code/rails/5.1/ccc-class-planner/app/mailers/application_mailer.rb": [
        null,
        null,
        null,
        null,
        null,
        null
      ],
      "/Users/bwood/code/rails/5.1/ccc-class-planner/app/jobs/application_job.rb": [
        null,
        null,
        null,
        null
      ],
      "/Users/bwood/code/rails/5.1/ccc-class-planner/app/channels/application_cable/connection.rb": [
        null,
        null,
        null,
        null,
        null,
        null
      ],
      "/Users/bwood/code/rails/5.1/ccc-class-planner/app/channels/application_cable/channel.rb": [
        null,
        null,
        null,
        null,
        null,
        null
      ]
    },
    "timestamp": 1544052910
  }
}
